e:\users\graeme\desktop\directx\cw\coursework - celshading\debug\application.obj
e:\users\graeme\desktop\directx\cw\coursework - celshading\debug\d3d.obj
e:\users\graeme\desktop\directx\cw\coursework - celshading\debug\d3dfont.obj
e:\users\graeme\desktop\directx\cw\coursework - celshading\debug\d3dutil.obj
e:\users\graeme\desktop\directx\cw\coursework - celshading\debug\dxutil.obj
e:\users\graeme\desktop\directx\cw\coursework - celshading\debug\win.obj
e:\users\graeme\desktop\directx\cw\coursework - celshading\debug\main.obj
e:\users\graeme\desktop\directx\cw\coursework - celshading\debug\vc100.pdb
e:\users\graeme\desktop\portfolio\cel shader demo\application\debug\application.obj
e:\users\graeme\desktop\portfolio\cel shader demo\application\debug\d3d.obj
e:\users\graeme\desktop\portfolio\cel shader demo\application\debug\d3dfont.obj
e:\users\graeme\desktop\portfolio\cel shader demo\application\debug\d3dutil.obj
e:\users\graeme\desktop\portfolio\cel shader demo\application\debug\dxutil.obj
e:\users\graeme\desktop\portfolio\cel shader demo\application\debug\win.obj
e:\users\graeme\desktop\portfolio\cel shader demo\application\debug\main.obj
e:\users\graeme\desktop\portfolio\cel shader demo\application\debug\vc100.pdb
e:\users\graeme\desktop\directx\cw\coursework - celshading\debug\cel shading.ilk
e:\users\graeme\desktop\directx\cw\coursework - celshading\debug\cel shading.exe
e:\users\graeme\desktop\directx\cw\coursework - celshading\debug\cel shading.exe.intermediate.manifest
e:\users\graeme\desktop\directx\cw\coursework - celshading\debug\cel shading.pdb
e:\users\graeme\desktop\portfolio\cel shader demo\application\debug\cel shading.ilk
e:\users\graeme\desktop\portfolio\cel shader demo\application\debug\cel shading.exe
e:\users\graeme\desktop\portfolio\cel shader demo\application\debug\cel shading.exe.intermediate.manifest
e:\users\graeme\desktop\portfolio\cel shader demo\application\debug\cel shading.pdb
e:\users\graeme\desktop\directx\cw\coursework - celshading\debug\cel shading.exe.embed.manifest
e:\users\graeme\desktop\directx\cw\coursework - celshading\debug\cel shading.exe.embed.manifest.res
e:\users\graeme\desktop\portfolio\cel shader demo\application\debug\cel shading.exe.embed.manifest.res
d:\users\graeme\portfolio\cel shader demo\application\debug\vc120.pdb
d:\users\graeme\portfolio\cel shader demo\application\debug\vc120.idb
d:\users\graeme\portfolio\cel shader demo\application\debug\dxutil.obj
d:\users\graeme\portfolio\cel shader demo\application\debug\application.obj
d:\users\graeme\portfolio\cel shader demo\application\debug\d3d.obj
d:\users\graeme\portfolio\cel shader demo\application\debug\d3dfont.obj
d:\users\graeme\portfolio\cel shader demo\application\debug\d3dutil.obj
d:\users\graeme\portfolio\cel shader demo\application\debug\win.obj
d:\users\graeme\portfolio\cel shader demo\application\debug\main.obj
d:\users\graeme\portfolio\cel shader demo\application\debug\cl.command.1.tlog
d:\users\graeme\portfolio\cel shader demo\application\debug\cl.read.1.tlog
d:\users\graeme\portfolio\cel shader demo\application\debug\cl.write.1.tlog
d:\users\graeme\portfolio\cel shader demo\application\debug\link-cvtres.read.1.tlog
d:\users\graeme\portfolio\cel shader demo\application\debug\link-cvtres.write.1.tlog
d:\users\graeme\portfolio\cel shader demo\application\debug\link.5972-cvtres.read.1.tlog
d:\users\graeme\portfolio\cel shader demo\application\debug\link.5972-cvtres.write.1.tlog
d:\users\graeme\portfolio\cel shader demo\application\debug\link.5972.read.1.tlog
d:\users\graeme\portfolio\cel shader demo\application\debug\link.5972.write.1.tlog
d:\users\graeme\portfolio\cel shader demo\application\debug\link.command.1.tlog
d:\users\graeme\portfolio\cel shader demo\application\debug\link.read.1.tlog
d:\users\graeme\portfolio\cel shader demo\application\debug\link.write.1.tlog
d:\users\graeme\portfolio\cel shader demo\application\debug\mt.command.1.tlog
d:\users\graeme\portfolio\cel shader demo\application\debug\mt.read.1.tlog
d:\users\graeme\portfolio\cel shader demo\application\debug\mt.write.1.tlog
d:\users\graeme\portfolio\cel shader demo\application\debug\rc.command.1.tlog
d:\users\graeme\portfolio\cel shader demo\application\debug\rc.read.1.tlog
d:\users\graeme\portfolio\cel shader demo\application\debug\rc.write.1.tlog
d:\users\graeme\portfolio\cel shader demo\application\debug\cel shading.exe.embed.manifest
d:\users\graeme\portfolio\cel shader demo\application\debug\cel shading.exe.intermediate.manifest
d:\users\graeme\portfolio\cel shader demo\application\debug\cel shading.exe.embed.manifest.res
d:\users\graeme\portfolio\cel shader demo\application\debug\vc100.idb
d:\users\graeme\portfolio\cel shader demo\application\debug\cel shading.pdb
d:\users\graeme\portfolio\cel shader demo\application\debug\vc100.pdb
d:\users\graeme\portfolio\cel shader demo\application\debug\cel shading_manifest.rc
d:\users\graeme\portfolio\cel shader demo\application\debug\cel shading.tlog\cl.command.1.tlog
d:\users\graeme\portfolio\cel shader demo\application\debug\cel shading.tlog\cl.read.1.tlog
d:\users\graeme\portfolio\cel shader demo\application\debug\cel shading.tlog\cl.write.1.tlog
d:\users\graeme\portfolio\cel shader demo\application\debug\cel shading.tlog\link-cvtres.read.1.tlog
d:\users\graeme\portfolio\cel shader demo\application\debug\cel shading.tlog\link-cvtres.write.1.tlog
d:\users\graeme\portfolio\cel shader demo\application\debug\cel shading.tlog\link-rc.read.1.tlog
d:\users\graeme\portfolio\cel shader demo\application\debug\cel shading.tlog\link-rc.write.1.tlog
d:\users\graeme\portfolio\cel shader demo\application\debug\cel shading.tlog\link.command.1.tlog
d:\users\graeme\portfolio\cel shader demo\application\debug\cel shading.tlog\link.read.1.tlog
d:\users\graeme\portfolio\cel shader demo\application\debug\cel shading.tlog\link.write.1.tlog
